<?xml version="1.0" encoding="UTF-8"?>
<!-- Generated by org.testng.reporters.JUnitReportReporter -->
<testsuite skipped="0" hostname="MUM-MOB0221" name="com.crm.qa.testcases.AddressPageTest" tests="1" failures="0" timestamp="22 Sep 2018 09:52:10 GMT" time="161.876" errors="0">
  <testcase name="selectSingleContactsTest" time="161.876" classname="com.crm.qa.testcases.AddressPageTest"/>
</testsuite> <!-- com.crm.qa.testcases.AddressPageTest -->
