<?xml version="1.0" encoding="UTF-8"?>
<!-- Generated by org.testng.reporters.JUnitReportReporter -->
<testsuite skipped="0" hostname="MUM-MOB0221" name="com.crm.qa.testcases.LoginPageTest" tests="3" failures="0" timestamp="09 Sep 2018 09:52:57 GMT" time="70.803" errors="0">
  <testcase name="loginPageTitleTest" time="22.378" classname="com.crm.qa.testcases.LoginPageTest"/>
  <testcase name="verifyOnSignInPage" time="24.516" classname="com.crm.qa.testcases.LoginPageTest"/>
  <testcase name="loginTest" time="23.909" classname="com.crm.qa.testcases.LoginPageTest"/>
</testsuite> <!-- com.crm.qa.testcases.LoginPageTest -->
