<?xml version="1.0" encoding="UTF-8"?>
<!-- Generated by org.testng.reporters.JUnitReportReporter -->
<testsuite skipped="0" hostname="MUM-MOB0221" name="com.crm.qa.testcases.HomePageTest" tests="3" failures="0" timestamp="08 Sep 2018 07:38:52 GMT" time="111.649" errors="0">
  <testcase name="verifyHomePageTitleTest" time="40.524" classname="com.crm.qa.testcases.HomePageTest"/>
  <testcase name="verifyUserNameTest" time="35.516" classname="com.crm.qa.testcases.HomePageTest"/>
  <testcase name="verifyContactsLinkTest" time="35.609" classname="com.crm.qa.testcases.HomePageTest"/>
</testsuite> <!-- com.crm.qa.testcases.HomePageTest -->
